# JRE version: OpenJDK Runtime Environment (11.0.13) (build 11.0.13+0-b1751.21-8125866)
# Java VM: OpenJDK 64-Bit Server VM (11.0.13+0-b1751.21-8125866, mixed mode, tiered, compressed oops, g1 gc, windows-amd64)
Heap:
 garbage-first heap   total 314368K, used 156683K [0x0000000080000000, 0x0000000100000000)
  region size 1024K, 4 young (4096K), 4 survivors (4096K)
 Metaspace       used 97819K, capacity 100196K, committed 100352K, reserved 1136640K
  class space    used 12374K, capacity 13254K, committed 13312K, reserved 1048576K
GC Heap History (20 events):
Event: 7.275 GC heap after
{Heap after GC invocations=24 (full 0):
 garbage-first heap   total 189440K, used 109668K [0x0000000080000000, 0x0000000100000000)
  region size 1024K, 7 young (7168K), 7 survivors (7168K)
 Metaspace       used 77744K, capacity 79562K, committed 79744K, reserved 1118208K
  class space    used 9904K, capacity 10528K, committed 10624K, reserved 1048576K
}
Event: 7.368 GC heap before
{Heap before GC invocations=25 (full 0):
 garbage-first heap   total 189440K, used 131172K [0x0000000080000000, 0x0000000100000000)
  region size 1024K, 12 young (12288K), 7 survivors (7168K)
 Metaspace       used 77745K, capacity 79562K, committed 79744K, reserved 1118208K
  class space    used 9904K, capacity 10528K, committed 10624K, reserved 1048576K
}
Event: 7.373 GC heap after
{Heap after GC invocations=26 (full 0):
 garbage-first heap   total 227328K, used 133508K [0x0000000080000000, 0x0000000100000000)
  region size 1024K, 6 young (6144K), 6 survivors (6144K)
 Metaspace       used 77745K, capacity 79562K, committed 79744K, reserved 1118208K
  class space    used 9904K, capacity 10528K, committed 10624K, reserved 1048576K
}
Event: 7.748 GC heap before
{Heap before GC invocations=27 (full 0):
 garbage-first heap   total 227328K, used 174468K [0x0000000080000000, 0x0000000100000000)
  region size 1024K, 45 young (46080K), 6 survivors (6144K)
 Metaspace       used 80115K, capacity 82130K, committed 82176K, reserved 1120256K
  class space    used 10249K, capacity 10993K, committed 11008K, reserved 1048576K
}
Event: 7.751 GC heap after
{Heap after GC invocations=28 (full 0):
 garbage-first heap   total 227328K, used 136838K [0x0000000080000000, 0x0000000100000000)
  region size 1024K, 3 young (3072K), 3 survivors (3072K)
 Metaspace       used 80115K, capacity 82130K, committed 82176K, reserved 1120256K
  class space    used 10249K, capacity 10993K, committed 11008K, reserved 1048576K
}
Event: 7.856 GC heap before
{Heap before GC invocations=28 (full 0):
 garbage-first heap   total 227328K, used 178822K [0x0000000080000000, 0x0000000100000000)
  region size 1024K, 44 young (45056K), 3 survivors (3072K)
 Metaspace       used 81146K, capacity 83278K, committed 83456K, reserved 1122304K
  class space    used 10377K, capacity 11158K, committed 11264K, reserved 1048576K
}
Event: 7.858 GC heap after
{Heap after GC invocations=29 (full 0):
 garbage-first heap   total 227328K, used 137629K [0x0000000080000000, 0x0000000100000000)
  region size 1024K, 4 young (4096K), 4 survivors (4096K)
 Metaspace       used 81146K, capacity 83278K, committed 83456K, reserved 1122304K
  class space    used 10377K, capacity 11158K, committed 11264K, reserved 1048576K
}
Event: 8.206 GC heap before
{Heap before GC invocations=30 (full 0):
 garbage-first heap   total 227328K, used 180637K [0x0000000080000000, 0x0000000100000000)
  region size 1024K, 46 young (47104K), 4 survivors (4096K)
 Metaspace       used 86057K, capacity 88192K, committed 88320K, reserved 1126400K
  class space    used 10966K, capacity 11683K, committed 11776K, reserved 1048576K
}
Event: 8.210 GC heap after
{Heap after GC invocations=31 (full 0):
 garbage-first heap   total 227328K, used 138316K [0x0000000080000000, 0x0000000100000000)
  region size 1024K, 2 young (2048K), 2 survivors (2048K)
 Metaspace       used 86057K, capacity 88192K, committed 88320K, reserved 1126400K
  class space    used 10966K, capacity 11683K, committed 11776K, reserved 1048576K
}
Event: 8.603 GC heap before
{Heap before GC invocations=31 (full 0):
 garbage-first heap   total 227328K, used 183372K [0x0000000080000000, 0x0000000100000000)
  region size 1024K, 46 young (47104K), 2 survivors (2048K)
 Metaspace       used 90676K, capacity 93009K, committed 93056K, reserved 1130496K
  class space    used 11569K, capacity 12372K, committed 12416K, reserved 1048576K
}
Event: 8.607 GC heap after
{Heap after GC invocations=32 (full 0):
 garbage-first heap   total 227328K, used 141259K [0x0000000080000000, 0x0000000100000000)
  region size 1024K, 5 young (5120K), 5 survivors (5120K)
 Metaspace       used 90676K, capacity 93009K, committed 93056K, reserved 1130496K
  class space    used 11569K, capacity 12372K, committed 12416K, reserved 1048576K
}
Event: 9.090 GC heap before
{Heap before GC invocations=33 (full 0):
 garbage-first heap   total 227328K, used 185291K [0x0000000080000000, 0x0000000100000000)
  region size 1024K, 49 young (50176K), 5 survivors (5120K)
 Metaspace       used 93938K, capacity 96293K, committed 96512K, reserved 1132544K
  class space    used 11949K, capacity 12781K, committed 12800K, reserved 1048576K
}
Event: 9.098 GC heap after
{Heap after GC invocations=34 (full 0):
 garbage-first heap   total 227328K, used 146276K [0x0000000080000000, 0x0000000100000000)
  region size 1024K, 7 young (7168K), 7 survivors (7168K)
 Metaspace       used 93938K, capacity 96293K, committed 96512K, reserved 1132544K
  class space    used 11949K, capacity 12781K, committed 12800K, reserved 1048576K
}
Event: 9.262 GC heap before
{Heap before GC invocations=34 (full 0):
 garbage-first heap   total 227328K, used 187236K [0x0000000080000000, 0x0000000100000000)
  region size 1024K, 48 young (49152K), 7 survivors (7168K)
 Metaspace       used 94086K, capacity 96428K, committed 96512K, reserved 1132544K
  class space    used 11949K, capacity 12781K, committed 12800K, reserved 1048576K
}
Event: 9.287 GC heap after
{Heap after GC invocations=35 (full 0):
 garbage-first heap   total 227328K, used 150373K [0x0000000080000000, 0x0000000100000000)
  region size 1024K, 5 young (5120K), 5 survivors (5120K)
 Metaspace       used 94086K, capacity 96428K, committed 96512K, reserved 1132544K
  class space    used 11949K, capacity 12781K, committed 12800K, reserved 1048576K
}
Event: 9.643 GC heap before
{Heap before GC invocations=36 (full 0):
 garbage-first heap   total 227328K, used 189285K [0x0000000080000000, 0x0000000100000000)
  region size 1024K, 44 young (45056K), 5 survivors (5120K)
 Metaspace       used 94809K, capacity 97172K, committed 97408K, reserved 1134592K
  class space    used 11993K, capacity 12819K, committed 12928K, reserved 1048576K
}
Event: 9.651 GC heap after
{Heap after GC invocations=37 (full 0):
 garbage-first heap   total 227328K, used 152889K [0x0000000080000000, 0x0000000100000000)
  region size 1024K, 5 young (5120K), 5 survivors (5120K)
 Metaspace       used 94809K, capacity 97172K, committed 97408K, reserved 1134592K
  class space    used 11993K, capacity 12819K, committed 12928K, reserved 1048576K
}
Event: 9.967 GC heap before
{Heap before GC invocations=37 (full 0):
 garbage-first heap   total 227328K, used 190777K [0x0000000080000000, 0x0000000100000000)
  region size 1024K, 42 young (43008K), 5 survivors (5120K)
 Metaspace       used 95837K, capacity 98182K, committed 98304K, reserved 1134592K
  class space    used 12104K, capacity 12953K, committed 13056K, reserved 1048576K
}
Event: 9.982 GC heap after
{Heap after GC invocations=38 (full 0):
 garbage-first heap   total 227328K, used 154893K [0x0000000080000000, 0x0000000100000000)
  region size 1024K, 3 young (3072K), 3 survivors (3072K)
 Metaspace       used 95837K, capacity 98182K, committed 98304K, reserved 1134592K
  class space    used 12104K, capacity 12953K, committed 13056K, reserved 1048576K
}
Event: 10.795 GC heap before
{Heap before GC invocations=39 (full 0):
 garbage-first heap   total 227328K, used 191757K [0x0000000080000000, 0x0000000100000000)
  region size 1024K, 39 young (39936K), 3 survivors (3072K)
 Metaspace       used 97819K, capacity 100196K, committed 100352K, reserved 1136640K
  class space    used 12374K, capacity 13254K, committed 13312K, reserved 1048576K
}

