# JRE version: OpenJDK Runtime Environment (11.0.13) (build 11.0.13+0-b1751.21-8125866)
# Java VM: OpenJDK 64-Bit Server VM (11.0.13+0-b1751.21-8125866, mixed mode, tiered, compressed oops, g1 gc, windows-amd64)
Heap:
 garbage-first heap   total 273408K, used 146972K [0x0000000080000000, 0x0000000100000000)
  region size 1024K, 3 young (3072K), 3 survivors (3072K)
 Metaspace       used 96455K, capacity 98669K, committed 98688K, reserved 1134592K
  class space    used 12352K, capacity 13175K, committed 13184K, reserved 1048576K
GC Heap History (20 events):
Event: 7.898 GC heap after
{Heap after GC invocations=28 (full 0):
 garbage-first heap   total 189440K, used 105039K [0x0000000080000000, 0x0000000100000000)
  region size 1024K, 2 young (2048K), 2 survivors (2048K)
 Metaspace       used 77682K, capacity 79494K, committed 79744K, reserved 1118208K
  class space    used 9911K, capacity 10528K, committed 10624K, reserved 1048576K
}
Event: 8.228 GC heap before
{Heap before GC invocations=29 (full 0):
 garbage-first heap   total 189440K, used 160335K [0x0000000080000000, 0x0000000100000000)
  region size 1024K, 34 young (34816K), 2 survivors (2048K)
 Metaspace       used 79502K, capacity 81480K, committed 81664K, reserved 1120256K
  class space    used 10182K, capacity 10883K, committed 11008K, reserved 1048576K
}
Event: 8.232 GC heap after
{Heap after GC invocations=30 (full 0):
 garbage-first heap   total 189440K, used 136137K [0x0000000080000000, 0x0000000100000000)
  region size 1024K, 5 young (5120K), 5 survivors (5120K)
 Metaspace       used 79502K, capacity 81480K, committed 81664K, reserved 1120256K
  class space    used 10182K, capacity 10883K, committed 11008K, reserved 1048576K
}
Event: 8.352 GC heap before
{Heap before GC invocations=30 (full 0):
 garbage-first heap   total 189440K, used 156617K [0x0000000080000000, 0x0000000100000000)
  region size 1024K, 25 young (25600K), 5 survivors (5120K)
 Metaspace       used 80160K, capacity 82261K, committed 82432K, reserved 1120256K
  class space    used 10269K, capacity 10995K, committed 11008K, reserved 1048576K
}
Event: 8.356 GC heap after
{Heap after GC invocations=31 (full 0):
 garbage-first heap   total 189440K, used 136847K [0x0000000080000000, 0x0000000100000000)
  region size 1024K, 1 young (1024K), 1 survivors (1024K)
 Metaspace       used 80160K, capacity 82261K, committed 82432K, reserved 1120256K
  class space    used 10269K, capacity 10995K, committed 11008K, reserved 1048576K
}
Event: 8.426 GC heap before
{Heap before GC invocations=31 (full 0):
 garbage-first heap   total 189440K, used 157327K [0x0000000080000000, 0x0000000100000000)
  region size 1024K, 21 young (21504K), 1 survivors (1024K)
 Metaspace       used 80695K, capacity 82837K, committed 83072K, reserved 1122304K
  class space    used 10330K, capacity 11059K, committed 11136K, reserved 1048576K
}
Event: 8.428 GC heap after
{Heap after GC invocations=32 (full 0):
 garbage-first heap   total 189440K, used 136895K [0x0000000080000000, 0x0000000100000000)
  region size 1024K, 1 young (1024K), 1 survivors (1024K)
 Metaspace       used 80695K, capacity 82837K, committed 83072K, reserved 1122304K
  class space    used 10330K, capacity 11059K, committed 11136K, reserved 1048576K
}
Event: 8.534 GC heap before
{Heap before GC invocations=33 (full 0):
 garbage-first heap   total 189440K, used 158399K [0x0000000080000000, 0x0000000100000000)
  region size 1024K, 22 young (22528K), 1 survivors (1024K)
 Metaspace       used 81410K, capacity 83505K, committed 83712K, reserved 1122304K
  class space    used 10425K, capacity 11168K, committed 11264K, reserved 1048576K
}
Event: 8.536 GC heap after
{Heap after GC invocations=34 (full 0):
 garbage-first heap   total 189440K, used 137235K [0x0000000080000000, 0x0000000100000000)
  region size 1024K, 2 young (2048K), 2 survivors (2048K)
 Metaspace       used 81410K, capacity 83505K, committed 83712K, reserved 1122304K
  class space    used 10425K, capacity 11168K, committed 11264K, reserved 1048576K
}
Event: 8.713 GC heap before
{Heap before GC invocations=34 (full 0):
 garbage-first heap   total 189440K, used 158739K [0x0000000080000000, 0x0000000100000000)
  region size 1024K, 23 young (23552K), 2 survivors (2048K)
 Metaspace       used 82779K, capacity 84891K, committed 85120K, reserved 1122304K
  class space    used 10616K, capacity 11390K, committed 11392K, reserved 1048576K
}
Event: 8.717 GC heap after
{Heap after GC invocations=35 (full 0):
 garbage-first heap   total 189440K, used 138136K [0x0000000080000000, 0x0000000100000000)
  region size 1024K, 3 young (3072K), 3 survivors (3072K)
 Metaspace       used 82779K, capacity 84891K, committed 85120K, reserved 1122304K
  class space    used 10616K, capacity 11390K, committed 11392K, reserved 1048576K
}
Event: 8.941 GC heap before
{Heap before GC invocations=36 (full 0):
 garbage-first heap   total 189440K, used 159640K [0x0000000080000000, 0x0000000100000000)
  region size 1024K, 24 young (24576K), 3 survivors (3072K)
 Metaspace       used 84209K, capacity 86420K, committed 86656K, reserved 1124352K
  class space    used 10818K, capacity 11590K, committed 11648K, reserved 1048576K
}
Event: 8.946 GC heap after
{Heap after GC invocations=37 (full 0):
 garbage-first heap   total 227328K, used 139371K [0x0000000080000000, 0x0000000100000000)
  region size 1024K, 3 young (3072K), 3 survivors (3072K)
 Metaspace       used 84209K, capacity 86420K, committed 86656K, reserved 1124352K
  class space    used 10818K, capacity 11590K, committed 11648K, reserved 1048576K
}
Event: 9.320 GC heap before
{Heap before GC invocations=37 (full 0):
 garbage-first heap   total 227328K, used 178283K [0x0000000080000000, 0x0000000100000000)
  region size 1024K, 41 young (41984K), 3 survivors (3072K)
 Metaspace       used 86755K, capacity 88905K, committed 89088K, reserved 1126400K
  class space    used 11165K, capacity 11963K, committed 12032K, reserved 1048576K
}
Event: 9.324 GC heap after
{Heap after GC invocations=38 (full 0):
 garbage-first heap   total 227328K, used 141586K [0x0000000080000000, 0x0000000100000000)
  region size 1024K, 5 young (5120K), 5 survivors (5120K)
 Metaspace       used 86755K, capacity 88905K, committed 89088K, reserved 1126400K
  class space    used 11165K, capacity 11963K, committed 12032K, reserved 1048576K
}
Event: 9.700 GC heap before
{Heap before GC invocations=39 (full 0):
 garbage-first heap   total 227328K, used 181522K [0x0000000080000000, 0x0000000100000000)
  region size 1024K, 44 young (45056K), 5 survivors (5120K)
 Metaspace       used 88894K, capacity 91096K, committed 91392K, reserved 1128448K
  class space    used 11437K, capacity 12198K, committed 12288K, reserved 1048576K
}
Event: 9.708 GC heap after
{Heap after GC invocations=40 (full 0):
 garbage-first heap   total 227328K, used 145082K [0x0000000080000000, 0x0000000100000000)
  region size 1024K, 6 young (6144K), 6 survivors (6144K)
 Metaspace       used 88894K, capacity 91096K, committed 91392K, reserved 1128448K
  class space    used 11437K, capacity 12198K, committed 12288K, reserved 1048576K
}
Event: 9.874 GC heap before
{Heap before GC invocations=40 (full 0):
 garbage-first heap   total 227328K, used 182970K [0x0000000080000000, 0x0000000100000000)
  region size 1024K, 44 young (45056K), 6 survivors (6144K)
 Metaspace       used 90315K, capacity 92472K, committed 92544K, reserved 1130496K
  class space    used 11602K, capacity 12358K, committed 12416K, reserved 1048576K
}
Event: 9.880 GC heap after
{Heap after GC invocations=41 (full 0):
 garbage-first heap   total 227328K, used 146219K [0x0000000080000000, 0x0000000100000000)
  region size 1024K, 2 young (2048K), 2 survivors (2048K)
 Metaspace       used 90315K, capacity 92472K, committed 92544K, reserved 1130496K
  class space    used 11602K, capacity 12358K, committed 12416K, reserved 1048576K
}
Event: 10.428 GC heap before
{Heap before GC invocations=42 (full 0):
 garbage-first heap   total 227328K, used 187179K [0x0000000080000000, 0x0000000100000000)
  region size 1024K, 41 young (41984K), 2 survivors (2048K)
 Metaspace       used 96455K, capacity 98669K, committed 98688K, reserved 1134592K
  class space    used 12352K, capacity 13175K, committed 13184K, reserved 1048576K
}

