# JRE version: OpenJDK Runtime Environment (11.0.13) (build 11.0.13+0-b1751.21-8125866)
# Java VM: OpenJDK 64-Bit Server VM (11.0.13+0-b1751.21-8125866, mixed mode, tiered, compressed oops, g1 gc, windows-amd64)
Heap:
 garbage-first heap   total 157696K, used 52606K [0x0000000080000000, 0x0000000100000000)
  region size 1024K, 11 young (11264K), 2 survivors (2048K)
 Metaspace       used 37995K, capacity 39053K, committed 39244K, reserved 1083392K
  class space    used 4945K, capacity 5356K, committed 5452K, reserved 1048576K
GC Heap History (12 events):
Event: 0.497 GC heap before
{Heap before GC invocations=0 (full 0):
 garbage-first heap   total 131072K, used 29696K [0x0000000080000000, 0x0000000100000000)
  region size 1024K, 24 young (24576K), 0 survivors (0K)
 Metaspace       used 9742K, capacity 9956K, committed 10112K, reserved 1058816K
  class space    used 1001K, capacity 1069K, committed 1152K, reserved 1048576K
}
Event: 0.502 GC heap after
{Heap after GC invocations=1 (full 0):
 garbage-first heap   total 131072K, used 9409K [0x0000000080000000, 0x0000000100000000)
  region size 1024K, 3 young (3072K), 3 survivors (3072K)
 Metaspace       used 9742K, capacity 9956K, committed 10112K, reserved 1058816K
  class space    used 1001K, capacity 1069K, committed 1152K, reserved 1048576K
}
Event: 1.627 GC heap before
{Heap before GC invocations=1 (full 0):
 garbage-first heap   total 131072K, used 84161K [0x0000000080000000, 0x0000000100000000)
  region size 1024K, 76 young (77824K), 3 survivors (3072K)
 Metaspace       used 17832K, capacity 18212K, committed 18432K, reserved 1064960K
  class space    used 2069K, capacity 2194K, committed 2304K, reserved 1048576K
}
Event: 1.633 GC heap after
{Heap after GC invocations=2 (full 0):
 garbage-first heap   total 131072K, used 16312K [0x0000000080000000, 0x0000000100000000)
  region size 1024K, 10 young (10240K), 10 survivors (10240K)
 Metaspace       used 17832K, capacity 18212K, committed 18432K, reserved 1064960K
  class space    used 2069K, capacity 2194K, committed 2304K, reserved 1048576K
}
Event: 1.842 GC heap before
{Heap before GC invocations=2 (full 0):
 garbage-first heap   total 131072K, used 43960K [0x0000000080000000, 0x0000000100000000)
  region size 1024K, 38 young (38912K), 10 survivors (10240K)
 Metaspace       used 20700K, capacity 21120K, committed 21248K, reserved 1067008K
  class space    used 2509K, capacity 2695K, committed 2816K, reserved 1048576K
}
Event: 1.849 GC heap after
{Heap after GC invocations=3 (full 0):
 garbage-first heap   total 131072K, used 17832K [0x0000000080000000, 0x0000000100000000)
  region size 1024K, 2 young (2048K), 2 survivors (2048K)
 Metaspace       used 20700K, capacity 21120K, committed 21248K, reserved 1067008K
  class space    used 2509K, capacity 2695K, committed 2816K, reserved 1048576K
}
Event: 2.519 GC heap before
{Heap before GC invocations=4 (full 0):
 garbage-first heap   total 131072K, used 73128K [0x0000000080000000, 0x0000000100000000)
  region size 1024K, 56 young (57344K), 2 survivors (2048K)
 Metaspace       used 26742K, capacity 27397K, committed 27648K, reserved 1073152K
  class space    used 3477K, capacity 3734K, committed 3840K, reserved 1048576K
}
Event: 2.522 GC heap after
{Heap after GC invocations=5 (full 0):
 garbage-first heap   total 131072K, used 19639K [0x0000000080000000, 0x0000000100000000)
  region size 1024K, 4 young (4096K), 4 survivors (4096K)
 Metaspace       used 26742K, capacity 27397K, committed 27648K, reserved 1073152K
  class space    used 3477K, capacity 3734K, committed 3840K, reserved 1048576K
}
Event: 3.081 GC heap before
{Heap before GC invocations=5 (full 0):
 garbage-first heap   total 131072K, used 97463K [0x0000000080000000, 0x0000000100000000)
  region size 1024K, 64 young (65536K), 4 survivors (4096K)
 Metaspace       used 31522K, capacity 32401K, committed 32512K, reserved 1077248K
  class space    used 4197K, capacity 4544K, committed 4608K, reserved 1048576K
}
Event: 3.088 GC heap after
{Heap after GC invocations=6 (full 0):
 garbage-first heap   total 131072K, used 42733K [0x0000000080000000, 0x0000000100000000)
  region size 1024K, 8 young (8192K), 8 survivors (8192K)
 Metaspace       used 31522K, capacity 32401K, committed 32512K, reserved 1077248K
  class space    used 4197K, capacity 4544K, committed 4608K, reserved 1048576K
}
Event: 3.494 GC heap before
{Heap before GC invocations=6 (full 0):
 garbage-first heap   total 131072K, used 62189K [0x0000000080000000, 0x0000000100000000)
  region size 1024K, 28 young (28672K), 8 survivors (8192K)
 Metaspace       used 34872K, capacity 35775K, committed 35840K, reserved 1081344K
  class space    used 4601K, capacity 4965K, committed 4992K, reserved 1048576K
}
Event: 3.505 GC heap after
{Heap after GC invocations=7 (full 0):
 garbage-first heap   total 157696K, used 44414K [0x0000000080000000, 0x0000000100000000)
  region size 1024K, 2 young (2048K), 2 survivors (2048K)
 Metaspace       used 34872K, capacity 35775K, committed 35840K, reserved 1081344K
  class space    used 4601K, capacity 4965K, committed 4992K, reserved 1048576K
}

